TN:
SF:src/Cheater.sol
FN:9,tellTruth
FNDA:2,tellTruth
DA:10,2
BRDA:10,0,0,1
DA:11,1
DA:14,1
FN:17,tellTruthWithError
FNDA:2,tellTruthWithError
DA:18,2
BRDA:18,1,0,1
DA:19,1
DA:22,1
FN:25,tellTruthWithErrorWithParams
FNDA:2,tellTruthWithErrorWithParams
DA:26,2
BRDA:26,2,0,1
DA:27,1
DA:30,1
FN:33,tellTruthWithRequire
FNDA:0,tellTruthWithRequire
DA:34,0
DA:36,0
FNF:4
FNH:3
LF:11
LH:9
BRF:3
BRH:3
end_of_record
TN:
SF:src/solmate/ERC4626Contract.sol
FN:11,
FNDA:0,
FN:17,totalAssets
FNDA:1,totalAssets
DA:18,1
FN:21,beforeWithdraw
FNDA:1,beforeWithdraw
DA:22,1
FN:25,afterDeposit
FNDA:1,afterDeposit
DA:26,1
FNF:4
FNH:3
LF:3
LH:3
BRF:0
BRH:0
end_of_record
TN:
SF:src/solmate/ERC20Contract.sol
FN:8,
FNDA:10,
FNF:1
FNH:1
LF:0
LH:0
BRF:0
BRH:0
end_of_record
TN:
SF:src/oz/ERC721Contract.sol
FN:8,
FNDA:0,
FNF:1
FNH:0
LF:0
LH:0
BRF:0
BRH:0
end_of_record
TN:
SF:src/solmate/ERC721Contract.sol
FN:8,
FNDA:0,
FNF:1
FNH:0
LF:0
LH:0
BRF:0
BRH:0
end_of_record
TN:
SF:src/NFT.sol
FN:21,
FNDA:0,
DA:26,0
FN:29,mintTo
FNDA:13,mintTo
DA:30,13
BRDA:30,0,0,-
DA:31,0
DA:34,13
DA:35,13
BRDA:35,1,0,-
DA:36,0
DA:39,13
DA:41,13
FN:52,withdrawPayments
FNDA:2,withdrawPayments
DA:53,2
DA:55,2
DA:56,2
BRDA:56,2,0,-
DA:57,0
FNF:3
FNH:2
LF:12
LH:8
BRF:3
BRH:0
end_of_record
TN:
SF:src/SimpleStorage.sol
FN:8,set
FNDA:5,set
DA:9,5
FN:12,get
FNDA:4,get
DA:13,4
FNF:2
FNH:2
LF:2
LH:2
BRF:0
BRH:0
end_of_record
TN:
SF:src/Reverter.sol
FN:8,shouldRevert
FNDA:2,shouldRevert
DA:9,2
FN:16,testShouldNotRevert
FNDA:1,testShouldNotRevert
DA:17,1
FN:20,testShouldRevert
FNDA:1,testShouldRevert
DA:21,1
DA:22,1
FNF:3
FNH:3
LF:4
LH:4
BRF:0
BRH:0
end_of_record
